Build started 2015/10/30 9:41:43.
     1>Project "D:\kaggle\Right_Whale_Recognition\code\Right_Whale_Recognition\Right_Whale_Recognition\Right_Whale_Recognition.vcxproj" on node 2 (Build target(s)).
     1>ClCompile:
         C:\Program Files (x86)\VC\bin\x86_amd64\CL.exe /c /Zi /nologo /W3 /WX- /sdl /Od /D WIN32 /D _DEBUG /D _CONSOLE /D _LIB /D _UNICODE /D UNICODE /Gm /EHsc /RTC1 /MDd /GS /fp:precise /Zc:wchar_t /Zc:forScope /Fo"x64\Debug\\" /Fd"x64\Debug\vc120.pdb" /Gd /TP /errorReport:prompt main.cpp
         main.cpp
     1>d:\kaggle\right_whale_recognition\code\right_whale_recognition\right_whale_recognition\config.h(5): warning C4305: 'initializing' : truncation from 'double' to 'const float'
     1>d:\kaggle\right_whale_recognition\code\right_whale_recognition\right_whale_recognition\config.h(8): warning C4305: 'initializing' : truncation from 'double' to 'const float'
     1>d:\kaggle\right_whale_recognition\code\right_whale_recognition\right_whale_recognition\config.h(15): warning C4305: 'initializing' : truncation from 'double' to 'const float'
     1>d:\kaggle\right_whale_recognition\code\right_whale_recognition\right_whale_recognition\config.h(18): warning C4305: 'initializing' : truncation from 'double' to 'const float'
     1>d:\kaggle\right_whale_recognition\code\right_whale_recognition\right_whale_recognition\CHoCDescriptorExtractor.h(11): warning C4244: '=' : conversion from 'double' to 'int', possible loss of data
       Link:
         C:\Program Files (x86)\VC\bin\x86_amd64\link.exe /ERRORREPORT:PROMPT /OUT:"D:\kaggle\Right_Whale_Recognition\code\Right_Whale_Recognition\x64\Debug\Right_Whale_Recognition.exe" /INCREMENTAL /NOLOGO opencv_calib3d249d.lib opencv_contrib249d.lib opencv_core249d.lib opencv_features2d249d.lib opencv_flann249d.lib opencv_gpu249d.lib opencv_highgui249d.lib opencv_imgproc249d.lib opencv_legacy249d.lib opencv_ml249d.lib opencv_nonfree249d.lib opencv_objdetect249d.lib opencv_photo249d.lib opencv_stitching249d.lib opencv_ts249d.lib opencv_video249d.lib opencv_videostab249d.lib kernel32.lib user32.lib gdi32.lib winspool.lib comdlg32.lib advapi32.lib shell32.lib ole32.lib oleaut32.lib uuid.lib odbc32.lib odbccp32.lib /MANIFEST /MANIFESTUAC:"level='asInvoker' uiAccess='false'" /manifest:embed /DEBUG /PDB:"D:\kaggle\Right_Whale_Recognition\code\Right_Whale_Recognition\x64\Debug\Right_Whale_Recognition.pdb" /SUBSYSTEM:CONSOLE /TLBID:1 /DYNAMICBASE /NXCOMPAT /IMPLIB:"D:\kaggle\Right_Whale_Recognition\code\Right_Whale_Recognition\x64\Debug\Right_Whale_Recognition.lib" /MACHINE:X64 x64\Debug\CCodebook.obj
         x64\Debug\CHoCDescription.obj
         x64\Debug\CHocDescriptorExtractor.obj
         x64\Debug\CSIFTDescription.obj
         x64\Debug\CSIFT_Recognition.obj
         x64\Debug\getFiles.obj
         x64\Debug\main.obj
         x64\Debug\supportFunction.obj
         Right_Whale_Recognition.vcxproj -> D:\kaggle\Right_Whale_Recognition\code\Right_Whale_Recognition\x64\Debug\Right_Whale_Recognition.exe
     1>Done Building Project "D:\kaggle\Right_Whale_Recognition\code\Right_Whale_Recognition\Right_Whale_Recognition\Right_Whale_Recognition.vcxproj" (Build target(s)).

Build succeeded.

Time Elapsed 00:00:01.18
